#
# A fatal error has been detected by the Java Runtime Environment:
#
#  EXCEPTION_ACCESS_VIOLATION (0xc0000005) at pc=0x000000005ba9de93, pid=5028, tid=0x0000000000002678
#
# JRE version: Java(TM) SE Runtime Environment (8.0_181-b13) (build 1.8.0_181-b13)
# Java VM: Java HotSpot(TM) 64-Bit Server VM (25.181-b13 mixed mode windows-amd64 compressed oops)
# Problematic frame:
# V  [jvm.dll+0xfde93]
#
# Failed to write core dump. Minidumps are not enabled by default on client versions of Windows
#
# If you would like to submit a bug report, please visit:
#   http://bugreport.java.com/bugreport/crash.jsp
#

---------------  T H R E A D  ---------------

Current thread (0x0000000014967800):  VMThread [stack: 0x00000000159f0000,0x0000000015af0000] [id=9848]

siginfo: ExceptionCode=0xc0000005, reading address 0xffffffffffffffff

Registers:
RAX=0x0000000000000006, RBX=0x0000000015aef600, RCX=0x0000000015aef600, RDX=0xffffffffffffffc6
RSP=0x0000000015aef3b0, RBP=0x0000000015aef420, RSI=0x0000000015aef600, RDI=0x00000000000000a4
R8 =0x0000000000000006, R9 =0x00000000148755a0, R10=0x03ffffffffffffff, R11=0x000000001443f8f2
R12=0x0000000000000000, R13=0x000000005ba9de70, R14=0x0000000000000042, R15=0x0000000000000001
RIP=0x000000005ba9de93, EFLAGS=0x0000000000010206

Top of Stack: (sp=0x0000000015aef3b0)
0x0000000015aef3b0:   0000000015aef600 0000000015aef420
0x0000000015aef3c0:   0000000000000042 000000005ba525ce
0x0000000015aef3d0:   0000000015aef600 000000005ba9fc79
0x0000000015aef3e0:   000042167b9a84ff 0000000015aef600
0x0000000015aef3f0:   0000000015aef600 000000005ba9f756
0x0000000015aef400:   0000000015aef470 000000001443f8df
0x0000000015aef410:   00000000ffffff68 000000005ba9f756
0x0000000015aef420:   00000000000003d8 00000000148758d8
0x0000000015aef430:   0000000000000000 00000000000000a4
0x0000000015aef440:   0000000014967800 000000005baa0704
0x0000000015aef450:   0000000015aef600 0000000000000000
0x0000000015aef460:   0000000000000042 0000000000000040
0x0000000015aef470:   000000001443f950 0000000014967800
0x0000000015aef480:   0000004500000042 000000a400000046
0x0000000015aef490:   0000000000000000 00000000000000a4
0x0000000015aef4a0:   0000000000000003 00000000000003d8 

Instructions: (pc=0x000000005ba9de93)
0x000000005ba9de73:   83 ec 20 4c 8b 89 90 00 00 00 48 63 d2 48 8b d9
0x000000005ba9de83:   0f b6 c2 4c 8b d2 24 3f 49 c1 ea 06 44 0f b6 c0
0x000000005ba9de93:   4b 8b 04 d1 4c 0f a3 c0 72 0f 48 83 c1 70 41 b0
0x000000005ba9dea3:   01 e8 b7 82 17 00 ff 43 6c 48 83 c4 20 5b c3 cc 


Register to memory mapping:

RAX=0x0000000000000006 is an unknown value
RBX=0x0000000015aef600 is an unknown value
RCX=0x0000000015aef600 is an unknown value
RDX=0xffffffffffffffc6 is an unknown value
RSP=0x0000000015aef3b0 is an unknown value
RBP=0x0000000015aef420 is an unknown value
RSI=0x0000000015aef600 is an unknown value
RDI=0x00000000000000a4 is an unknown value
R8 =0x0000000000000006 is an unknown value
R9 =0x00000000148755a0 is an unknown value
R10=0x03ffffffffffffff is an unknown value
R11=0x000000001443f8f2 is pointing into metadata
R12=0x0000000000000000 is an unknown value
R13=0x000000005ba9de70 is an unknown value
R14=0x0000000000000042 is an unknown value
R15=0x0000000000000001 is an unknown value


Stack: [0x00000000159f0000,0x0000000015af0000],  sp=0x0000000015aef3b0,  free space=1020k
Native frames: (J=compiled Java code, j=interpreted, Vv=VM code, C=native code)
V  [jvm.dll+0xfde93]
V  [jvm.dll+0xffc79]
V  [jvm.dll+0x100704]
V  [jvm.dll+0x103ae4]
V  [jvm.dll+0xc50be]
V  [jvm.dll+0xc5748]
V  [jvm.dll+0xc587a]
V  [jvm.dll+0xc5a78]
V  [jvm.dll+0x10f94a]
V  [jvm.dll+0x12d22f]
V  [jvm.dll+0x1bf3df]
V  [jvm.dll+0x24cc27]
V  [jvm.dll+0x24bec6]
V  [jvm.dll+0x24c361]
V  [jvm.dll+0x24c57e]
V  [jvm.dll+0x29e64a]
C  [msvcr100.dll+0x21d9f]
C  [msvcr100.dll+0x21e3b]
C  [KERNEL32.DLL+0x8364]
C  [ntdll.dll+0x67091]

VM_Operation (0x000000001641f2e0): GetOrSetLocal, mode: safepoint, requested by thread 0x00000000149a4800


---------------  P R O C E S S  ---------------

Java Threads: ( => current thread )
  0x0000000016a16000 JavaThread "Service Thread" daemon [_thread_blocked, id=8768, stack(0x0000000016da0000,0x0000000016ea0000)]
  0x0000000016962000 JavaThread "C1 CompilerThread2" daemon [_thread_blocked, id=728, stack(0x0000000016ca0000,0x0000000016da0000)]
  0x0000000016959800 JavaThread "C2 CompilerThread1" daemon [_thread_blocked, id=7004, stack(0x0000000016ba0000,0x0000000016ca0000)]
  0x000000001694e000 JavaThread "C2 CompilerThread0" daemon [_thread_blocked, id=7680, stack(0x0000000016620000,0x0000000016720000)]
  0x00000000149b8000 JavaThread "JDWP Command Reader" daemon [_thread_in_native, id=5696, stack(0x0000000016520000,0x0000000016620000)]
  0x00000000149b5000 JavaThread "JDWP Event Helper Thread" daemon [_thread_blocked, id=7548, stack(0x0000000016420000,0x0000000016520000)]
  0x00000000149a4800 JavaThread "JDWP Transport Listener: dt_socket" daemon [_thread_blocked, id=4704, stack(0x0000000016320000,0x0000000016420000)]
  0x000000001499e000 JavaThread "Attach Listener" daemon [_thread_blocked, id=8028, stack(0x0000000015ee0000,0x0000000015fe0000)]
  0x000000001499c800 JavaThread "Signal Dispatcher" daemon [_thread_blocked, id=148, stack(0x0000000015de0000,0x0000000015ee0000)]
  0x000000001498a800 JavaThread "Finalizer" daemon [_thread_blocked, id=4660, stack(0x0000000015bf0000,0x0000000015cf0000)]
  0x0000000014968800 JavaThread "Reference Handler" daemon [_thread_blocked, id=716, stack(0x0000000015af0000,0x0000000015bf0000)]
  0x00000000022b2800 JavaThread "main" [_thread_blocked, id=3424, stack(0x00000000020b0000,0x00000000021b0000)]

Other Threads:
=>0x0000000014967800 VMThread [stack: 0x00000000159f0000,0x0000000015af0000] [id=9848]
  0x0000000016a87800 WatcherThread [stack: 0x0000000016ea0000,0x0000000016fa0000] [id=5888]

VM state:at safepoint (normal execution)

VM Mutex/Monitor currently owned by a thread:  ([mutex/lock_event])
[0x000000000203da90] Threads_lock - owner thread: 0x0000000014967800

Heap:
 PSYoungGen      total 18944K, used 6334K [0x00000000eb300000, 0x00000000ec800000, 0x0000000100000000)
  eden space 16384K, 38% used [0x00000000eb300000,0x00000000eb92fb30,0x00000000ec300000)
  from space 2560K, 0% used [0x00000000ec580000,0x00000000ec580000,0x00000000ec800000)
  to   space 2560K, 0% used [0x00000000ec300000,0x00000000ec300000,0x00000000ec580000)
 ParOldGen       total 44032K, used 0K [0x00000000c1800000, 0x00000000c4300000, 0x00000000eb300000)
  object space 44032K, 0% used [0x00000000c1800000,0x00000000c1800000,0x00000000c4300000)
 Metaspace       used 4956K, capacity 5074K, committed 5248K, reserved 1056768K
  class space    used 518K, capacity 561K, committed 640K, reserved 1048576K

Card table byte_map: [0x0000000011770000,0x0000000011970000] byte_map_base: 0x0000000011164000

Marking Bits: (ParMarkBitMap*) 0x000000005c1c2d00
 Begin Bits: [0x0000000011ec0000, 0x0000000012e60000)
 End Bits:   [0x0000000012e60000, 0x0000000013e00000)

Polling page: 0x0000000001fb0000

CodeCache: size=245760Kb used=1416Kb max_used=1416Kb free=244343Kb
 bounds [0x00000000023b0000, 0x0000000002620000, 0x00000000113b0000]
 total_blobs=429 nmethods=148 adapters=203
 compilation: enabled

Compilation events (10 events):
Event: 4197.897 Thread 0x0000000016962000  144       1       org.eclipse.jdt.launching.internal.org.objectweb.asm.SymbolTable::getMajorVersion (5 bytes)
Event: 4197.898 Thread 0x0000000016962000 nmethod 144 0x000000000250c9d0 code [0x000000000250cb20, 0x000000000250cc30]
Event: 4324.853 Thread 0x0000000016962000  145       3       org.eclipse.jdt.launching.internal.org.objectweb.asm.MethodWriter::visitLabel (328 bytes)
Event: 4324.856 Thread 0x0000000016962000 nmethod 145 0x000000000250f610 code [0x000000000250f800, 0x0000000002510318]
Event: 4324.857 Thread 0x0000000016962000  146       3       org.eclipse.jdt.launching.internal.org.objectweb.asm.SymbolTable::addConstantMemberReference (147 bytes)
Event: 4324.859 Thread 0x0000000016962000 nmethod 146 0x0000000002510710 code [0x0000000002510960, 0x0000000002511728]
Event: 4324.859 Thread 0x0000000016962000  147       3       org.eclipse.jdt.launching.internal.org.objectweb.asm.SymbolTable::hash (20 bytes)
Event: 4324.860 Thread 0x0000000016962000 nmethod 147 0x0000000002511ed0 code [0x0000000002512060, 0x00000000025123e8]
Event: 4365.907 Thread 0x0000000016962000  148       3       org.eclipse.jdt.launching.internal.org.objectweb.asm.Label::accept (65 bytes)
Event: 4365.908 Thread 0x0000000016962000 nmethod 148 0x0000000002512590 code [0x0000000002512740, 0x0000000002512cc8]

GC Heap History (0 events):
No events

Deoptimization events (0 events):
No events

Classes redefined (10 events):
Event: 395.209 Thread 0x0000000014967800 redefined class name=executionEngine.DriverScript, count=1
Event: 857.727 Thread 0x0000000014967800 redefined class name=executionEngine.DriverScript, count=2
Event: 1560.918 Thread 0x0000000014967800 redefined class name=executionEngine.DriverScript, count=3
Event: 1754.309 Thread 0x0000000014967800 redefined class name=executionEngine.DriverScript, count=4
Event: 3244.105 Thread 0x0000000014967800 redefined class name=executionEngine.DriverScript, count=5
Event: 3304.122 Thread 0x0000000014967800 redefined class name=executionEngine.DriverScript, count=6
Event: 3394.648 Thread 0x0000000014967800 redefined class name=executionEngine.DriverScript, count=7
Event: 4197.900 Thread 0x0000000014967800 redefined class name=executionEngine.DriverScript, count=8
Event: 4324.869 Thread 0x0000000014967800 redefined class name=executionEngine.DriverScript, count=9
Event: 4365.911 Thread 0x0000000014967800 redefined class name=executionEngine.DriverScript, count=10

Internal exceptions (10 events):
Event: 0.683 Thread 0x00000000022b2800 Exception <a 'java/security/PrivilegedActionException'> (0x00000000eb420d10) thrown at [C:\re\workspace\8-2-build-windows-amd64-cygwin\jdk8u181\11358\hotspot\src\share\vm\prims\jvm.cpp, line 1435]
Event: 0.683 Thread 0x00000000022b2800 Exception <a 'java/security/PrivilegedActionException'> (0x00000000eb420f20) thrown at [C:\re\workspace\8-2-build-windows-amd64-cygwin\jdk8u181\11358\hotspot\src\share\vm\prims\jvm.cpp, line 1435]
Event: 0.684 Thread 0x00000000022b2800 Exception <a 'java/security/PrivilegedActionException'> (0x00000000eb421990) thrown at [C:\re\workspace\8-2-build-windows-amd64-cygwin\jdk8u181\11358\hotspot\src\share\vm\prims\jvm.cpp, line 1435]
Event: 0.684 Thread 0x00000000022b2800 Exception <a 'java/security/PrivilegedActionException'> (0x00000000eb421ba0) thrown at [C:\re\workspace\8-2-build-windows-amd64-cygwin\jdk8u181\11358\hotspot\src\share\vm\prims\jvm.cpp, line 1435]
Event: 0.684 Thread 0x00000000022b2800 Exception <a 'java/security/PrivilegedActionException'> (0x00000000eb422640) thrown at [C:\re\workspace\8-2-build-windows-amd64-cygwin\jdk8u181\11358\hotspot\src\share\vm\prims\jvm.cpp, line 1435]
Event: 0.684 Thread 0x00000000022b2800 Exception <a 'java/security/PrivilegedActionException'> (0x00000000eb422850) thrown at [C:\re\workspace\8-2-build-windows-amd64-cygwin\jdk8u181\11358\hotspot\src\share\vm\prims\jvm.cpp, line 1435]
Event: 0.733 Thread 0x00000000022b2800 Exception <a 'java/security/PrivilegedActionException'> (0x00000000eb4647f0) thrown at [C:\re\workspace\8-2-build-windows-amd64-cygwin\jdk8u181\11358\hotspot\src\share\vm\prims\jvm.cpp, line 1435]
Event: 0.733 Thread 0x00000000022b2800 Exception <a 'java/security/PrivilegedActionException'> (0x00000000eb464a00) thrown at [C:\re\workspace\8-2-build-windows-amd64-cygwin\jdk8u181\11358\hotspot\src\share\vm\prims\jvm.cpp, line 1435]
Event: 0.740 Thread 0x00000000022b2800 Exception <a 'java/security/PrivilegedActionException'> (0x00000000eb4a44f8) thrown at [C:\re\workspace\8-2-build-windows-amd64-cygwin\jdk8u181\11358\hotspot\src\share\vm\prims\jvm.cpp, line 1435]
Event: 0.740 Thread 0x00000000022b2800 Exception <a 'java/security/PrivilegedActionException'> (0x00000000eb4a4708) thrown at [C:\re\workspace\8-2-build-windows-amd64-cygwin\jdk8u181\11358\hotspot\src\share\vm\prims\jvm.cpp, line 1435]

Events (10 events):
Event: 4413.028 Executing VM operation: GetOwnedMonitorInfo done
Event: 4413.772 Executing VM operation: GetCurrentContendedMonitor
Event: 4413.772 Executing VM operation: GetCurrentContendedMonitor done
Event: 4413.772 Executing VM operation: GetOwnedMonitorInfo
Event: 4413.773 Executing VM operation: GetOwnedMonitorInfo done
Event: 4415.648 Executing VM operation: GetOwnedMonitorInfo
Event: 4415.648 Executing VM operation: GetOwnedMonitorInfo done
Event: 4415.648 Executing VM operation: GetCurrentContendedMonitor
Event: 4415.648 Executing VM operation: GetCurrentContendedMonitor done
Event: 4415.959 Executing VM operation: GetOrSetLocal


Dynamic libraries:
0x00007ff738a00000 - 0x00007ff738a37000 	C:\Program Files\Java\jdk1.8.0_181\bin\javaw.exe
0x00007ff96e3e0000 - 0x00007ff96e5b2000 	C:\Windows\SYSTEM32\ntdll.dll
0x00007ff96e150000 - 0x00007ff96e1fc000 	C:\Windows\System32\KERNEL32.DLL
0x00007ff96a9e0000 - 0x00007ff96abfd000 	C:\Windows\System32\KERNELBASE.dll
0x00007ff96b970000 - 0x00007ff96ba12000 	C:\Windows\System32\ADVAPI32.dll
0x00007ff96da60000 - 0x00007ff96dafe000 	C:\Windows\System32\msvcrt.dll
0x00007ff96c110000 - 0x00007ff96c169000 	C:\Windows\System32\sechost.dll
0x00007ff96d7e0000 - 0x00007ff96d901000 	C:\Windows\System32\RPCRT4.dll
0x00007ff96bf30000 - 0x00007ff96c095000 	C:\Windows\System32\USER32.dll
0x00007ff96ac00000 - 0x00007ff96ac1e000 	C:\Windows\System32\win32u.dll
0x00007ff96e200000 - 0x00007ff96e234000 	C:\Windows\System32\GDI32.dll
0x00007ff96ac20000 - 0x00007ff96ada0000 	C:\Windows\System32\gdi32full.dll
0x00007ff95a7e0000 - 0x00007ff95aa5a000 	C:\Windows\WinSxS\amd64_microsoft.windows.common-controls_6595b64144ccf1df_6.0.14393.953_none_42151e83c686086b\COMCTL32.dll
0x00007ff96ba20000 - 0x00007ff96bce8000 	C:\Windows\System32\combase.dll
0x00007ff96a8e0000 - 0x00007ff96a9d5000 	C:\Windows\System32\ucrtbase.dll
0x00007ff96b900000 - 0x00007ff96b96a000 	C:\Windows\System32\bcryptPrimitives.dll
0x00007ff96e120000 - 0x00007ff96e14e000 	C:\Windows\System32\IMM32.DLL
0x00007ff96a760000 - 0x00007ff96a787000 	C:\AeroGlass\UxThemeSignatureBypass\UxThemeSignatureBypass64.dll
0x000000005b280000 - 0x000000005b352000 	C:\Program Files\Java\jdk1.8.0_181\jre\bin\msvcr100.dll
0x000000005b9a0000 - 0x000000005c242000 	C:\Program Files\Java\jdk1.8.0_181\jre\bin\server\jvm.dll
0x00007ff96d990000 - 0x00007ff96d998000 	C:\Windows\System32\PSAPI.DLL
0x00007ff964150000 - 0x00007ff964159000 	C:\Windows\SYSTEM32\WSOCK32.dll
0x00007ff96d920000 - 0x00007ff96d98a000 	C:\Windows\System32\WS2_32.dll
0x00007ff9686a0000 - 0x00007ff9686c3000 	C:\Windows\SYSTEM32\WINMM.dll
0x00007ff960770000 - 0x00007ff96077a000 	C:\Windows\SYSTEM32\VERSION.dll
0x00007ff968640000 - 0x00007ff96866b000 	C:\Windows\SYSTEM32\WINMMBASE.dll
0x00007ff96ada0000 - 0x00007ff96ade2000 	C:\Windows\System32\cfgmgr32.dll
0x000000005b8b0000 - 0x000000005b8bf000 	C:\Program Files\Java\jdk1.8.0_181\jre\bin\verify.dll
0x000000005b880000 - 0x000000005b8a9000 	C:\Program Files\Java\jdk1.8.0_181\jre\bin\java.dll
0x000000005b240000 - 0x000000005b275000 	C:\Program Files\Java\jdk1.8.0_181\jre\bin\jdwp.dll
0x000000005b230000 - 0x000000005b238000 	C:\Program Files\Java\jdk1.8.0_181\jre\bin\npt.dll
0x000000005b200000 - 0x000000005b223000 	C:\Program Files\Java\jdk1.8.0_181\jre\bin\instrument.dll
0x000000005b860000 - 0x000000005b876000 	C:\Program Files\Java\jdk1.8.0_181\jre\bin\zip.dll
0x00007ff96c170000 - 0x00007ff96d679000 	C:\Windows\System32\SHELL32.dll
0x00007ff96af50000 - 0x00007ff96b629000 	C:\Windows\System32\windows.storage.dll
0x0000000002040000 - 0x000000000208c000 	C:\Windows\System32\powrprof.dll
0x00007ff96db00000 - 0x00007ff96db52000 	C:\Windows\System32\shlwapi.dll
0x00007ff96a850000 - 0x00007ff96a85f000 	C:\Windows\System32\kernel.appcore.dll
0x00007ff96adf0000 - 0x00007ff96ae99000 	C:\Windows\System32\shcore.dll
0x00007ff96a860000 - 0x00007ff96a874000 	C:\Windows\System32\profapi.dll
0x000000005b1f0000 - 0x000000005b1f9000 	C:\Program Files\Java\jdk1.8.0_181\jre\bin\dt_socket.dll
0x00007ff95d120000 - 0x00007ff95d136000 	C:\Windows\system32\napinsp.dll
0x00007ff95d190000 - 0x00007ff95d1aa000 	C:\Windows\system32\pnrpnsp.dll
0x00007ff968080000 - 0x00007ff968098000 	C:\Windows\system32\NLAapi.dll
0x00007ff969f90000 - 0x00007ff969fec000 	C:\Windows\System32\mswsock.dll
0x00007ff969d50000 - 0x00007ff969df1000 	C:\Windows\SYSTEM32\DNSAPI.dll
0x00007ff96d910000 - 0x00007ff96d918000 	C:\Windows\System32\NSI.dll
0x00007ff969d10000 - 0x00007ff969d48000 	C:\Windows\SYSTEM32\IPHLPAPI.DLL
0x00007ff95d1e0000 - 0x00007ff95d1ee000 	C:\Windows\System32\winrnr.dll
0x00007ff94d970000 - 0x00007ff94d985000 	C:\Windows\System32\wshbth.dll
0x00007ff962990000 - 0x00007ff9629fa000 	C:\Windows\System32\fwpuclnt.dll
0x00007ff96a790000 - 0x00007ff96a7bb000 	C:\Windows\SYSTEM32\bcrypt.dll
0x00007ff95ab20000 - 0x00007ff95ab2a000 	C:\Windows\System32\rasadhlp.dll
0x00007ff96a500000 - 0x00007ff96a692000 	C:\Windows\SYSTEM32\dbghelp.dll

VM Arguments:
jvm_args: -agentlib:jdwp=transport=dt_socket,suspend=y,address=localhost:65205 -javaagent:C:\Users\PC\eclipse\java-2018-12\eclipse\configuration\org.eclipse.osgi\221\0\.cp\lib\javaagent-shaded.jar -Dfile.encoding=UTF-8 
java_command: executionEngine.DriverScript
java_class_path (initial): D:\FrameWork\KeywordDrivenAmazon\bin;E:\Software\selenium-server-standalone-3.6.0.jar;E:\Software\poi-4.1.0\activation-1.1.1.jar;E:\Software\poi-4.1.0\commons-codec-1.12.jar;E:\Software\poi-4.1.0\commons-collections4-4.3.jar;E:\Software\poi-4.1.0\commons-compress-1.18.jar;E:\Software\poi-4.1.0\commons-logging-1.2.jar;E:\Software\poi-4.1.0\commons-math3-3.6.1.jar;E:\Software\poi-4.1.0\curvesapi-1.06.jar;E:\Software\poi-4.1.0\jaxb-api-2.3.0.jar;E:\Software\poi-4.1.0\jaxb-core-2.3.0.1.jar;E:\Software\poi-4.1.0\jaxb-impl-2.3.0.1.jar;E:\Software\poi-4.1.0\junit-4.12.jar;E:\Software\poi-4.1.0\log4j-1.2.17.jar;E:\Software\poi-4.1.0\poi-4.1.0.jar;E:\Software\poi-4.1.0\poi-examples-4.1.0.jar;E:\Software\poi-4.1.0\poi-excelant-4.1.0.jar;E:\Software\poi-4.1.0\poi-ooxml-4.1.0.jar;E:\Software\poi-4.1.0\poi-ooxml-schemas-4.1.0.jar;E:\Software\poi-4.1.0\poi-scratchpad-4.1.0.jar;E:\Software\poi-4.1.0\xmlbeans-3.1.0.jar;C:\Users\PC\eclipse\java-2018-12\eclipse\configuration\org.eclipse.osgi\221\0\.cp\lib\javaagent-shaded.jar
Launcher Type: SUN_STANDARD

Environment Variables:
PATH=C:\Program Files\Java\jdk1.8.0_181\jre\bin;C:/Program Files/Java/jdk1.8.0_181/bin/../jre/bin/server;C:/Program Files/Java/jdk1.8.0_181/bin/../jre/bin;C:/Program Files/Java/jdk1.8.0_181/bin/../jre/lib/amd64;C:\apache-maven-3.6.1\BIN;C:\Program Files\Java\jdk1.8.0_181\bin;C:\Users\PC\eclipse\java-2018-12\eclipse;
USERNAME=PC
OS=Windows_NT
PROCESSOR_IDENTIFIER=Intel64 Family 6 Model 76 Stepping 3, GenuineIntel



---------------  S Y S T E M  ---------------

OS: Windows 10.0 , 64 bit Build 14393 (10.0.14393.2189)

CPU:total 4 (initial active 4) (4 cores per cpu, 1 threads per core) family 6 model 76 stepping 3, cmov, cx8, fxsr, mmx, sse, sse2, sse3, ssse3, sse4.1, sse4.2, popcnt, aes, clmul, erms, 3dnowpref, tsc, tscinvbit

Memory: 4k page, physical 4095296k(1176020k free), swap 6126912k(1969204k free)

vm_info: Java HotSpot(TM) 64-Bit Server VM (25.181-b13) for windows-amd64 JRE (1.8.0_181-b13), built on Jul  7 2018 04:01:33 by "java_re" with MS VC++ 10.0 (VS2010)

time: Wed Jul 24 17:59:47 2019
elapsed time: 4416 seconds (0d 1h 13m 36s)

